# JRE version: OpenJDK Runtime Environment (21.0.1+12) (build 21.0.1+12-29)
# Java VM: OpenJDK 64-Bit Server VM (21.0.1+12-29, mixed mode, emulated-client, sharing, tiered, compressed oops, compressed class ptrs, g1 gc, windows-amd64)
GC Precious Log:
 CardTable entry size: 512
 Card Set container configuration: InlinePtr #cards 5 size 8 Array Of Cards #cards 12 size 40 Howl #buckets 4 coarsen threshold 1843 Howl Bitmap #cards 512 size 80 coarsen threshold 460 Card regions per heap region 1 cards per card region 2048
 CPUs: 8 total, 8 available
 Memory: 8013M
 Large Page Support: Disabled
 NUMA Support: Disabled
 Compressed Oops: Enabled (32-bit)
 Heap Region Size: 1M
 Heap Min Capacity: 8M
 Heap Initial Capacity: 126M
 Heap Max Capacity: 2004M
 Pre-touch: Disabled
 Parallel Workers: 8
 Concurrent Workers: 2
 Concurrent Refinement Workers: 8
 Periodic GC: Disabled
Heap:
 garbage-first heap   total 218112K, used 95624K [0x0000000082c00000, 0x0000000100000000)
  region size 1024K, 5 young (5120K), 5 survivors (5120K)
 Metaspace       used 55539K, committed 56768K, reserved 1114112K
  class space    used 7681K, committed 8128K, reserved 1048576K
GC Heap History (20 events):
Event: 1374.598 GC heap after
{Heap after GC invocations=29 (full 0):
 garbage-first heap   total 218112K, used 47429K [0x0000000082c00000, 0x0000000100000000)
  region size 1024K, 1 young (1024K), 1 survivors (1024K)
 Metaspace       used 55602K, committed 56768K, reserved 1114112K
  class space    used 7693K, committed 8128K, reserved 1048576K
}
Event: 1379.512 GC heap before
{Heap before GC invocations=30 (full 0):
 garbage-first heap   total 163840K, used 54597K [0x0000000082c00000, 0x0000000100000000)
  region size 1024K, 8 young (8192K), 1 survivors (1024K)
 Metaspace       used 55587K, committed 56768K, reserved 1114112K
  class space    used 7690K, committed 8128K, reserved 1048576K
}
Event: 1379.522 GC heap after
{Heap after GC invocations=31 (full 0):
 garbage-first heap   total 163840K, used 49162K [0x0000000082c00000, 0x0000000100000000)
  region size 1024K, 1 young (1024K), 1 survivors (1024K)
 Metaspace       used 55587K, committed 56768K, reserved 1114112K
  class space    used 7690K, committed 8128K, reserved 1048576K
}
Event: 1381.531 GC heap before
{Heap before GC invocations=31 (full 0):
 garbage-first heap   total 163840K, used 63498K [0x0000000082c00000, 0x0000000100000000)
  region size 1024K, 16 young (16384K), 1 survivors (1024K)
 Metaspace       used 55829K, committed 56768K, reserved 1114112K
  class space    used 7762K, committed 8128K, reserved 1048576K
}
Event: 1381.534 GC heap after
{Heap after GC invocations=32 (full 0):
 garbage-first heap   total 163840K, used 51773K [0x0000000082c00000, 0x0000000100000000)
  region size 1024K, 2 young (2048K), 2 survivors (2048K)
 Metaspace       used 55829K, committed 56768K, reserved 1114112K
  class space    used 7762K, committed 8128K, reserved 1048576K
}
Event: 1387.543 GC heap before
{Heap before GC invocations=32 (full 0):
 garbage-first heap   total 163840K, used 74301K [0x0000000082c00000, 0x0000000100000000)
  region size 1024K, 25 young (25600K), 2 survivors (2048K)
 Metaspace       used 55862K, committed 56768K, reserved 1114112K
  class space    used 7771K, committed 8128K, reserved 1048576K
}
Event: 1387.549 GC heap after
{Heap after GC invocations=33 (full 0):
 garbage-first heap   total 163840K, used 53373K [0x0000000082c00000, 0x0000000100000000)
  region size 1024K, 4 young (4096K), 4 survivors (4096K)
 Metaspace       used 55862K, committed 56768K, reserved 1114112K
  class space    used 7771K, committed 8128K, reserved 1048576K
}
Event: 1695.675 GC heap before
{Heap before GC invocations=33 (full 0):
 garbage-first heap   total 163840K, used 84093K [0x0000000082c00000, 0x0000000100000000)
  region size 1024K, 35 young (35840K), 4 survivors (4096K)
 Metaspace       used 55873K, committed 56768K, reserved 1114112K
  class space    used 7773K, committed 8128K, reserved 1048576K
}
Event: 1695.921 GC heap after
{Heap after GC invocations=34 (full 0):
 garbage-first heap   total 163840K, used 59206K [0x0000000082c00000, 0x0000000100000000)
  region size 1024K, 5 young (5120K), 5 survivors (5120K)
 Metaspace       used 55873K, committed 56768K, reserved 1114112K
  class space    used 7773K, committed 8128K, reserved 1048576K
}
Event: 1696.573 GC heap before
{Heap before GC invocations=34 (full 0):
 garbage-first heap   total 163840K, used 61254K [0x0000000082c00000, 0x0000000100000000)
  region size 1024K, 8 young (8192K), 5 survivors (5120K)
 Metaspace       used 55873K, committed 56768K, reserved 1114112K
  class space    used 7773K, committed 8128K, reserved 1048576K
}
Event: 1696.634 GC heap after
{Heap after GC invocations=35 (full 0):
 garbage-first heap   total 163840K, used 61331K [0x0000000082c00000, 0x0000000100000000)
  region size 1024K, 1 young (1024K), 1 survivors (1024K)
 Metaspace       used 55873K, committed 56768K, reserved 1114112K
  class space    used 7773K, committed 8128K, reserved 1048576K
}
Event: 1696.842 GC heap before
{Heap before GC invocations=35 (full 0):
 garbage-first heap   total 163840K, used 69523K [0x0000000082c00000, 0x0000000100000000)
  region size 1024K, 10 young (10240K), 1 survivors (1024K)
 Metaspace       used 55873K, committed 56768K, reserved 1114112K
  class space    used 7773K, committed 8128K, reserved 1048576K
}
Event: 1696.858 GC heap after
{Heap after GC invocations=36 (full 0):
 garbage-first heap   total 163840K, used 68299K [0x0000000082c00000, 0x0000000100000000)
  region size 1024K, 2 young (2048K), 2 survivors (2048K)
 Metaspace       used 55873K, committed 56768K, reserved 1114112K
  class space    used 7773K, committed 8128K, reserved 1048576K
}
Event: 1699.887 GC heap before
{Heap before GC invocations=36 (full 0):
 garbage-first heap   total 163840K, used 73419K [0x0000000082c00000, 0x0000000100000000)
  region size 1024K, 8 young (8192K), 2 survivors (2048K)
 Metaspace       used 55462K, committed 56768K, reserved 1114112K
  class space    used 7659K, committed 8128K, reserved 1048576K
}
Event: 1699.899 GC heap after
{Heap after GC invocations=37 (full 0):
 garbage-first heap   total 163840K, used 72068K [0x0000000082c00000, 0x0000000100000000)
  region size 1024K, 1 young (1024K), 1 survivors (1024K)
 Metaspace       used 55462K, committed 56768K, reserved 1114112K
  class space    used 7659K, committed 8128K, reserved 1048576K
}
Event: 1700.107 GC heap before
{Heap before GC invocations=37 (full 0):
 garbage-first heap   total 163840K, used 78212K [0x0000000082c00000, 0x0000000100000000)
  region size 1024K, 8 young (8192K), 1 survivors (1024K)
 Metaspace       used 55508K, committed 56768K, reserved 1114112K
  class space    used 7673K, committed 8128K, reserved 1048576K
}
Event: 1700.129 GC heap after
{Heap after GC invocations=38 (full 0):
 garbage-first heap   total 163840K, used 77120K [0x0000000082c00000, 0x0000000100000000)
  region size 1024K, 1 young (1024K), 1 survivors (1024K)
 Metaspace       used 55508K, committed 56768K, reserved 1114112K
  class space    used 7673K, committed 8128K, reserved 1048576K
}
Event: 1700.892 GC heap before
{Heap before GC invocations=39 (full 0):
 garbage-first heap   total 163840K, used 83264K [0x0000000082c00000, 0x0000000100000000)
  region size 1024K, 8 young (8192K), 1 survivors (1024K)
 Metaspace       used 55539K, committed 56768K, reserved 1114112K
  class space    used 7681K, committed 8128K, reserved 1048576K
}
Event: 1700.898 GC heap after
{Heap after GC invocations=40 (full 0):
 garbage-first heap   total 163840K, used 81520K [0x0000000082c00000, 0x0000000100000000)
  region size 1024K, 1 young (1024K), 1 survivors (1024K)
 Metaspace       used 55539K, committed 56768K, reserved 1114112K
  class space    used 7681K, committed 8128K, reserved 1048576K
}
Event: 1705.055 GC heap before
{Heap before GC invocations=40 (full 0):
 garbage-first heap   total 163840K, used 119408K [0x0000000082c00000, 0x0000000100000000)
  region size 1024K, 39 young (39936K), 1 survivors (1024K)
 Metaspace       used 55539K, committed 56768K, reserved 1114112K
  class space    used 7681K, committed 8128K, reserved 1048576K
}

